<?xml version="1.0" encoding="UTF-8"?>
<!-- Generated by org.testng.reporters.JUnitReportReporter -->
<testsuite skipped="0" hostname="LAPTOP-SF05AVNG" name="TestCases.Put_Update" tests="1" failures="0" timestamp="11 Mar 2021 01:23:55 GMT" time="5.553" errors="0">
  <testcase name="update_a_Product" time="5.553" classname="TestCases.Put_Update"/>
</testsuite> <!-- TestCases.Put_Update -->
