<?xml version="1.0" encoding="UTF-8"?>
<!-- Generated by org.testng.reporters.JUnitReportReporter -->
<testsuite skipped="0" hostname="LAPTOP-SF05AVNG" name="TestCases.POST_Or_Create_a_Product" tests="1" failures="0" timestamp="11 Mar 2021 01:29:05 GMT" time="5.548" errors="0">
  <testcase name="creat_a_Product" time="5.548" classname="TestCases.POST_Or_Create_a_Product"/>
</testsuite> <!-- TestCases.POST_Or_Create_a_Product -->
