<?xml version="1.0" encoding="UTF-8"?>
<!-- Generated by org.testng.reporters.JUnitReportReporter -->
<testsuite skipped="0" hostname="LAPTOP-SF05AVNG" name="TestCases.POST_Or_Create_a_Product" tests="1" failures="0" timestamp="28 Feb 2021 04:39:01 GMT" time="6.938" errors="0">
  <testcase name="creat_a_Product" time="6.938" classname="TestCases.POST_Or_Create_a_Product"/>
</testsuite> <!-- TestCases.POST_Or_Create_a_Product -->
