<?xml version="1.0" encoding="UTF-8"?>
<!-- Generated by org.testng.reporters.JUnitReportReporter -->
<testsuite skipped="0" hostname="LAPTOP-SF05AVNG" name="TestCases.GET_Or_Read_One_Product" tests="1" failures="0" timestamp="27 Feb 2021 19:08:20 GMT" time="4.237" errors="0">
  <testcase name="read_All_Products" time="4.237" classname="TestCases.GET_Or_Read_One_Product"/>
</testsuite> <!-- TestCases.GET_Or_Read_One_Product -->
