<?xml version="1.0" encoding="UTF-8"?>
<!-- Generated by org.testng.reporters.JUnitReportReporter -->
<testsuite skipped="0" hostname="LAPTOP-SF05AVNG" name="TestCases.Delete_one_Product" tests="1" failures="0" timestamp="10 Mar 2021 22:40:38 GMT" time="4.415" errors="0">
  <testcase name="creat_a_Product" time="4.415" classname="TestCases.Delete_one_Product"/>
</testsuite> <!-- TestCases.Delete_one_Product -->
