<?xml version="1.0" encoding="UTF-8"?>
<!-- Generated by org.testng.reporters.JUnitReportReporter -->
<testsuite skipped="0" hostname="LAPTOP-SF05AVNG" name="TestCases.GET_Or_Read_all_Products" tests="1" failures="0" timestamp="11 Mar 2021 01:20:40 GMT" time="3.924" errors="0">
  <testcase name="read_All_Products" time="3.924" classname="TestCases.GET_Or_Read_all_Products"/>
</testsuite> <!-- TestCases.GET_Or_Read_all_Products -->
