<?xml version="1.0" encoding="UTF-8"?>
<!-- Generated by org.testng.reporters.JUnitReportReporter -->
<testsuite skipped="0" hostname="LAPTOP-SF05AVNG" name="TestCases.GET_Or_Read_all_Products" tests="1" failures="0" timestamp="27 Feb 2021 18:04:21 GMT" time="3.199" errors="0">
  <testcase name="read_All_Products" time="3.199" classname="TestCases.GET_Or_Read_all_Products"/>
</testsuite> <!-- TestCases.GET_Or_Read_all_Products -->
